<?xml version="1.0" encoding="UTF-8"?>
<!-- Generated by org.testng.reporters.JUnitReportReporter -->
<testsuite hostname="DESKTOP-LTOMGVI" failures="0" tests="3" name="vTiger.Practice.DataProviderPractice" time="0.026" errors="0" timestamp="2023-06-08T12:31:20 IST" skipped="0">
  <testcase classname="vTiger.Practice.DataProviderPractice" name="sampleTest" time="0.003"/>
  <system-out/>
  <testcase classname="vTiger.Practice.DataProviderPractice" name="sampleTest" time="0.002"/>
  <system-out/>
  <testcase classname="vTiger.Practice.DataProviderPractice" name="sampleTest" time="0.021"/>
  <system-out/>
</testsuite> <!-- vTiger.Practice.DataProviderPractice -->
